<?xml version="1.0" encoding="UTF-8"?>
<testsuite xmlns:xsi="http://www.w3.org/2001/XMLSchema-instance" xsi:noNamespaceSchemaLocation="https://maven.apache.org/surefire/maven-surefire-plugin/xsd/surefire-test-report-3.0.xsd" version="3.0" name="com.example.springkafka.SpringKafkaApplicationTests" time="2.371" tests="1" errors="0" skipped="0" failures="0">
  <properties>
    <property name="java.specification.version" value="17"/>
    <property name="sun.jnu.encoding" value="UTF-8"/>
    <property name="java.class.path" value="/media/thomr/Volume/code lavoro/kafka/spring-kafka/target/test-classes:/media/thomr/Volume/code lavoro/kafka/spring-kafka/target/classes:/home/thomr/.m2/repository/org/springframework/boot/spring-boot-starter-web/3.2.0/spring-boot-starter-web-3.2.0.jar:/home/thomr/.m2/repository/org/springframework/boot/spring-boot-starter/3.2.0/spring-boot-starter-3.2.0.jar:/home/thomr/.m2/repository/org/springframework/boot/spring-boot/3.2.0/spring-boot-3.2.0.jar:/home/thomr/.m2/repository/org/springframework/boot/spring-boot-autoconfigure/3.2.0/spring-boot-autoconfigure-3.2.0.jar:/home/thomr/.m2/repository/org/springframework/boot/spring-boot-starter-logging/3.2.0/spring-boot-starter-logging-3.2.0.jar:/home/thomr/.m2/repository/org/apache/logging/log4j/log4j-to-slf4j/2.21.1/log4j-to-slf4j-2.21.1.jar:/home/thomr/.m2/repository/org/apache/logging/log4j/log4j-api/2.21.1/log4j-api-2.21.1.jar:/home/thomr/.m2/repository/org/slf4j/jul-to-slf4j/2.0.9/jul-to-slf4j-2.0.9.jar:/home/thomr/.m2/repository/jakarta/annotation/jakarta.annotation-api/2.1.1/jakarta.annotation-api-2.1.1.jar:/home/thomr/.m2/repository/org/yaml/snakeyaml/2.2/snakeyaml-2.2.jar:/home/thomr/.m2/repository/org/springframework/boot/spring-boot-starter-json/3.2.0/spring-boot-starter-json-3.2.0.jar:/home/thomr/.m2/repository/com/fasterxml/jackson/core/jackson-databind/2.15.3/jackson-databind-2.15.3.jar:/home/thomr/.m2/repository/com/fasterxml/jackson/core/jackson-annotations/2.15.3/jackson-annotations-2.15.3.jar:/home/thomr/.m2/repository/com/fasterxml/jackson/core/jackson-core/2.15.3/jackson-core-2.15.3.jar:/home/thomr/.m2/repository/com/fasterxml/jackson/datatype/jackson-datatype-jdk8/2.15.3/jackson-datatype-jdk8-2.15.3.jar:/home/thomr/.m2/repository/com/fasterxml/jackson/datatype/jackson-datatype-jsr310/2.15.3/jackson-datatype-jsr310-2.15.3.jar:/home/thomr/.m2/repository/com/fasterxml/jackson/module/jackson-module-parameter-names/2.15.3/jackson-module-parameter-names-2.15.3.jar:/home/thomr/.m2/repository/org/springframework/boot/spring-boot-starter-tomcat/3.2.0/spring-boot-starter-tomcat-3.2.0.jar:/home/thomr/.m2/repository/org/apache/tomcat/embed/tomcat-embed-core/10.1.16/tomcat-embed-core-10.1.16.jar:/home/thomr/.m2/repository/org/apache/tomcat/embed/tomcat-embed-el/10.1.16/tomcat-embed-el-10.1.16.jar:/home/thomr/.m2/repository/org/apache/tomcat/embed/tomcat-embed-websocket/10.1.16/tomcat-embed-websocket-10.1.16.jar:/home/thomr/.m2/repository/org/springframework/spring-web/6.1.1/spring-web-6.1.1.jar:/home/thomr/.m2/repository/org/springframework/spring-beans/6.1.1/spring-beans-6.1.1.jar:/home/thomr/.m2/repository/org/springframework/spring-webmvc/6.1.1/spring-webmvc-6.1.1.jar:/home/thomr/.m2/repository/org/springframework/spring-aop/6.1.1/spring-aop-6.1.1.jar:/home/thomr/.m2/repository/org/springframework/spring-expression/6.1.1/spring-expression-6.1.1.jar:/home/thomr/.m2/repository/org/springframework/kafka/spring-kafka/3.1.0/spring-kafka-3.1.0.jar:/home/thomr/.m2/repository/org/springframework/spring-context/6.1.1/spring-context-6.1.1.jar:/home/thomr/.m2/repository/org/springframework/spring-messaging/6.1.1/spring-messaging-6.1.1.jar:/home/thomr/.m2/repository/org/springframework/spring-tx/6.1.1/spring-tx-6.1.1.jar:/home/thomr/.m2/repository/org/springframework/retry/spring-retry/2.0.4/spring-retry-2.0.4.jar:/home/thomr/.m2/repository/org/apache/kafka/kafka-clients/3.6.0/kafka-clients-3.6.0.jar:/home/thomr/.m2/repository/com/github/luben/zstd-jni/1.5.5-1/zstd-jni-1.5.5-1.jar:/home/thomr/.m2/repository/org/lz4/lz4-java/1.8.0/lz4-java-1.8.0.jar:/home/thomr/.m2/repository/org/xerial/snappy/snappy-java/1.1.10.4/snappy-java-1.1.10.4.jar:/home/thomr/.m2/repository/org/slf4j/slf4j-api/2.0.9/slf4j-api-2.0.9.jar:/home/thomr/.m2/repository/io/micrometer/micrometer-observation/1.12.0/micrometer-observation-1.12.0.jar:/home/thomr/.m2/repository/io/micrometer/micrometer-commons/1.12.0/micrometer-commons-1.12.0.jar:/home/thomr/.m2/repository/com/google/code/findbugs/jsr305/3.0.2/jsr305-3.0.2.jar:/home/thomr/.m2/repository/org/springframework/boot/spring-boot-starter-test/3.2.0/spring-boot-starter-test-3.2.0.jar:/home/thomr/.m2/repository/org/springframework/boot/spring-boot-test/3.2.0/spring-boot-test-3.2.0.jar:/home/thomr/.m2/repository/org/springframework/boot/spring-boot-test-autoconfigure/3.2.0/spring-boot-test-autoconfigure-3.2.0.jar:/home/thomr/.m2/repository/com/jayway/jsonpath/json-path/2.8.0/json-path-2.8.0.jar:/home/thomr/.m2/repository/jakarta/xml/bind/jakarta.xml.bind-api/4.0.1/jakarta.xml.bind-api-4.0.1.jar:/home/thomr/.m2/repository/jakarta/activation/jakarta.activation-api/2.1.2/jakarta.activation-api-2.1.2.jar:/home/thomr/.m2/repository/net/minidev/json-smart/2.5.0/json-smart-2.5.0.jar:/home/thomr/.m2/repository/net/minidev/accessors-smart/2.5.0/accessors-smart-2.5.0.jar:/home/thomr/.m2/repository/org/ow2/asm/asm/9.3/asm-9.3.jar:/home/thomr/.m2/repository/org/assertj/assertj-core/3.24.2/assertj-core-3.24.2.jar:/home/thomr/.m2/repository/net/bytebuddy/byte-buddy/1.14.10/byte-buddy-1.14.10.jar:/home/thomr/.m2/repository/org/awaitility/awaitility/4.2.0/awaitility-4.2.0.jar:/home/thomr/.m2/repository/org/hamcrest/hamcrest/2.2/hamcrest-2.2.jar:/home/thomr/.m2/repository/org/junit/jupiter/junit-jupiter/5.10.1/junit-jupiter-5.10.1.jar:/home/thomr/.m2/repository/org/junit/jupiter/junit-jupiter-params/5.10.1/junit-jupiter-params-5.10.1.jar:/home/thomr/.m2/repository/org/junit/jupiter/junit-jupiter-engine/5.10.1/junit-jupiter-engine-5.10.1.jar:/home/thomr/.m2/repository/org/mockito/mockito-core/5.7.0/mockito-core-5.7.0.jar:/home/thomr/.m2/repository/net/bytebuddy/byte-buddy-agent/1.14.10/byte-buddy-agent-1.14.10.jar:/home/thomr/.m2/repository/org/objenesis/objenesis/3.3/objenesis-3.3.jar:/home/thomr/.m2/repository/org/mockito/mockito-junit-jupiter/5.7.0/mockito-junit-jupiter-5.7.0.jar:/home/thomr/.m2/repository/org/skyscreamer/jsonassert/1.5.1/jsonassert-1.5.1.jar:/home/thomr/.m2/repository/com/vaadin/external/google/android-json/0.0.20131108.vaadin1/android-json-0.0.20131108.vaadin1.jar:/home/thomr/.m2/repository/org/springframework/spring-core/6.1.1/spring-core-6.1.1.jar:/home/thomr/.m2/repository/org/springframework/spring-jcl/6.1.1/spring-jcl-6.1.1.jar:/home/thomr/.m2/repository/org/springframework/spring-test/6.1.1/spring-test-6.1.1.jar:/home/thomr/.m2/repository/org/xmlunit/xmlunit-core/2.9.1/xmlunit-core-2.9.1.jar:/home/thomr/.m2/repository/org/springframework/kafka/spring-kafka-test/3.1.0/spring-kafka-test-3.1.0.jar:/home/thomr/.m2/repository/org/apache/zookeeper/zookeeper/3.8.3/zookeeper-3.8.3.jar:/home/thomr/.m2/repository/org/apache/zookeeper/zookeeper-jute/3.8.3/zookeeper-jute-3.8.3.jar:/home/thomr/.m2/repository/org/apache/yetus/audience-annotations/0.12.0/audience-annotations-0.12.0.jar:/home/thomr/.m2/repository/io/netty/netty-handler/4.1.101.Final/netty-handler-4.1.101.Final.jar:/home/thomr/.m2/repository/io/netty/netty-common/4.1.101.Final/netty-common-4.1.101.Final.jar:/home/thomr/.m2/repository/io/netty/netty-resolver/4.1.101.Final/netty-resolver-4.1.101.Final.jar:/home/thomr/.m2/repository/io/netty/netty-buffer/4.1.101.Final/netty-buffer-4.1.101.Final.jar:/home/thomr/.m2/repository/io/netty/netty-transport/4.1.101.Final/netty-transport-4.1.101.Final.jar:/home/thomr/.m2/repository/io/netty/netty-transport-native-unix-common/4.1.101.Final/netty-transport-native-unix-common-4.1.101.Final.jar:/home/thomr/.m2/repository/io/netty/netty-codec/4.1.101.Final/netty-codec-4.1.101.Final.jar:/home/thomr/.m2/repository/io/netty/netty-transport-native-epoll/4.1.101.Final/netty-transport-native-epoll-4.1.101.Final.jar:/home/thomr/.m2/repository/io/netty/netty-transport-classes-epoll/4.1.101.Final/netty-transport-classes-epoll-4.1.101.Final.jar:/home/thomr/.m2/repository/ch/qos/logback/logback-core/1.4.11/logback-core-1.4.11.jar:/home/thomr/.m2/repository/ch/qos/logback/logback-classic/1.4.11/logback-classic-1.4.11.jar:/home/thomr/.m2/repository/commons-io/commons-io/2.11.0/commons-io-2.11.0.jar:/home/thomr/.m2/repository/org/apache/kafka/kafka-clients/3.6.0/kafka-clients-3.6.0-test.jar:/home/thomr/.m2/repository/org/apache/kafka/kafka-metadata/3.6.0/kafka-metadata-3.6.0.jar:/home/thomr/.m2/repository/org/apache/kafka/kafka-raft/3.6.0/kafka-raft-3.6.0.jar:/home/thomr/.m2/repository/com/yammer/metrics/metrics-core/2.2.0/metrics-core-2.2.0.jar:/home/thomr/.m2/repository/org/apache/kafka/kafka-server-common/3.6.0/kafka-server-common-3.6.0.jar:/home/thomr/.m2/repository/net/sf/jopt-simple/jopt-simple/5.0.4/jopt-simple-5.0.4.jar:/home/thomr/.m2/repository/org/pcollections/pcollections/4.0.1/pcollections-4.0.1.jar:/home/thomr/.m2/repository/org/apache/kafka/kafka-server-common/3.6.0/kafka-server-common-3.6.0-test.jar:/home/thomr/.m2/repository/org/apache/kafka/kafka-streams-test-utils/3.6.0/kafka-streams-test-utils-3.6.0.jar:/home/thomr/.m2/repository/org/apache/kafka/kafka-streams/3.6.0/kafka-streams-3.6.0.jar:/home/thomr/.m2/repository/org/rocksdb/rocksdbjni/7.9.2/rocksdbjni-7.9.2.jar:/home/thomr/.m2/repository/org/apache/kafka/kafka_2.13/3.6.0/kafka_2.13-3.6.0.jar:/home/thomr/.m2/repository/org/scala-lang/scala-library/2.13.11/scala-library-2.13.11.jar:/home/thomr/.m2/repository/org/apache/kafka/kafka-group-coordinator/3.6.0/kafka-group-coordinator-3.6.0.jar:/home/thomr/.m2/repository/org/apache/kafka/kafka-storage-api/3.6.0/kafka-storage-api-3.6.0.jar:/home/thomr/.m2/repository/org/apache/kafka/kafka-tools-api/3.6.0/kafka-tools-api-3.6.0.jar:/home/thomr/.m2/repository/org/apache/kafka/kafka-storage/3.6.0/kafka-storage-3.6.0.jar:/home/thomr/.m2/repository/com/github/ben-manes/caffeine/caffeine/3.1.8/caffeine-3.1.8.jar:/home/thomr/.m2/repository/org/checkerframework/checker-qual/3.37.0/checker-qual-3.37.0.jar:/home/thomr/.m2/repository/com/google/errorprone/error_prone_annotations/2.21.1/error_prone_annotations-2.21.1.jar:/home/thomr/.m2/repository/net/sourceforge/argparse4j/argparse4j/0.7.0/argparse4j-0.7.0.jar:/home/thomr/.m2/repository/commons-validator/commons-validator/1.7/commons-validator-1.7.jar:/home/thomr/.m2/repository/commons-beanutils/commons-beanutils/1.9.4/commons-beanutils-1.9.4.jar:/home/thomr/.m2/repository/commons-digester/commons-digester/2.1/commons-digester-2.1.jar:/home/thomr/.m2/repository/commons-collections/commons-collections/3.2.2/commons-collections-3.2.2.jar:/home/thomr/.m2/repository/com/fasterxml/jackson/module/jackson-module-scala_2.13/2.15.3/jackson-module-scala_2.13-2.15.3.jar:/home/thomr/.m2/repository/com/thoughtworks/paranamer/paranamer/2.8/paranamer-2.8.jar:/home/thomr/.m2/repository/com/fasterxml/jackson/dataformat/jackson-dataformat-csv/2.15.3/jackson-dataformat-csv-2.15.3.jar:/home/thomr/.m2/repository/org/bitbucket/b_c/jose4j/0.9.3/jose4j-0.9.3.jar:/home/thomr/.m2/repository/org/scala-lang/modules/scala-collection-compat_2.13/2.10.0/scala-collection-compat_2.13-2.10.0.jar:/home/thomr/.m2/repository/org/scala-lang/modules/scala-java8-compat_2.13/1.0.2/scala-java8-compat_2.13-1.0.2.jar:/home/thomr/.m2/repository/org/scala-lang/scala-reflect/2.13.11/scala-reflect-2.13.11.jar:/home/thomr/.m2/repository/com/typesafe/scala-logging/scala-logging_2.13/3.9.4/scala-logging_2.13-3.9.4.jar:/home/thomr/.m2/repository/io/dropwizard/metrics/metrics-core/4.2.22/metrics-core-4.2.22.jar:/home/thomr/.m2/repository/commons-cli/commons-cli/1.4/commons-cli-1.4.jar:/home/thomr/.m2/repository/org/apache/kafka/kafka_2.13/3.6.0/kafka_2.13-3.6.0-test.jar:/home/thomr/.m2/repository/org/junit/jupiter/junit-jupiter-api/5.10.1/junit-jupiter-api-5.10.1.jar:/home/thomr/.m2/repository/org/opentest4j/opentest4j/1.3.0/opentest4j-1.3.0.jar:/home/thomr/.m2/repository/org/junit/platform/junit-platform-commons/1.10.1/junit-platform-commons-1.10.1.jar:/home/thomr/.m2/repository/org/apiguardian/apiguardian-api/1.1.2/apiguardian-api-1.1.2.jar:/home/thomr/.m2/repository/org/junit/platform/junit-platform-launcher/1.10.1/junit-platform-launcher-1.10.1.jar:/home/thomr/.m2/repository/org/junit/platform/junit-platform-engine/1.10.1/junit-platform-engine-1.10.1.jar:/home/thomr/.m2/repository/org/projectlombok/lombok/1.18.30/lombok-1.18.30.jar:/home/thomr/.m2/repository/org/jetbrains/annotations/24.1.0/annotations-24.1.0.jar:"/>
    <property name="java.vm.vendor" value="Private Build"/>
    <property name="sun.arch.data.model" value="64"/>
    <property name="java.vendor.url" value="Unknown"/>
    <property name="user.timezone" value="Europe/Rome"/>
    <property name="os.name" value="Linux"/>
    <property name="java.vm.specification.version" value="17"/>
    <property name="sun.java.launcher" value="SUN_STANDARD"/>
    <property name="user.country" value="IT"/>
    <property name="sun.boot.library.path" value="/usr/lib/jvm/java-17-openjdk-amd64/lib"/>
    <property name="sun.java.command" value="/media/thomr/Volume/code lavoro/kafka/spring-kafka/target/surefire/surefirebooter-20231205154103148_3.jar /media/thomr/Volume/code lavoro/kafka/spring-kafka/target/surefire 2023-12-05T15-40-46_465-jvmRun1 surefire-20231205154103148_1tmp surefire_0-20231205154103148_2tmp"/>
    <property name="jdk.debug" value="release"/>
    <property name="surefire.test.class.path" value="/media/thomr/Volume/code lavoro/kafka/spring-kafka/target/test-classes:/media/thomr/Volume/code lavoro/kafka/spring-kafka/target/classes:/home/thomr/.m2/repository/org/springframework/boot/spring-boot-starter-web/3.2.0/spring-boot-starter-web-3.2.0.jar:/home/thomr/.m2/repository/org/springframework/boot/spring-boot-starter/3.2.0/spring-boot-starter-3.2.0.jar:/home/thomr/.m2/repository/org/springframework/boot/spring-boot/3.2.0/spring-boot-3.2.0.jar:/home/thomr/.m2/repository/org/springframework/boot/spring-boot-autoconfigure/3.2.0/spring-boot-autoconfigure-3.2.0.jar:/home/thomr/.m2/repository/org/springframework/boot/spring-boot-starter-logging/3.2.0/spring-boot-starter-logging-3.2.0.jar:/home/thomr/.m2/repository/org/apache/logging/log4j/log4j-to-slf4j/2.21.1/log4j-to-slf4j-2.21.1.jar:/home/thomr/.m2/repository/org/apache/logging/log4j/log4j-api/2.21.1/log4j-api-2.21.1.jar:/home/thomr/.m2/repository/org/slf4j/jul-to-slf4j/2.0.9/jul-to-slf4j-2.0.9.jar:/home/thomr/.m2/repository/jakarta/annotation/jakarta.annotation-api/2.1.1/jakarta.annotation-api-2.1.1.jar:/home/thomr/.m2/repository/org/yaml/snakeyaml/2.2/snakeyaml-2.2.jar:/home/thomr/.m2/repository/org/springframework/boot/spring-boot-starter-json/3.2.0/spring-boot-starter-json-3.2.0.jar:/home/thomr/.m2/repository/com/fasterxml/jackson/core/jackson-databind/2.15.3/jackson-databind-2.15.3.jar:/home/thomr/.m2/repository/com/fasterxml/jackson/core/jackson-annotations/2.15.3/jackson-annotations-2.15.3.jar:/home/thomr/.m2/repository/com/fasterxml/jackson/core/jackson-core/2.15.3/jackson-core-2.15.3.jar:/home/thomr/.m2/repository/com/fasterxml/jackson/datatype/jackson-datatype-jdk8/2.15.3/jackson-datatype-jdk8-2.15.3.jar:/home/thomr/.m2/repository/com/fasterxml/jackson/datatype/jackson-datatype-jsr310/2.15.3/jackson-datatype-jsr310-2.15.3.jar:/home/thomr/.m2/repository/com/fasterxml/jackson/module/jackson-module-parameter-names/2.15.3/jackson-module-parameter-names-2.15.3.jar:/home/thomr/.m2/repository/org/springframework/boot/spring-boot-starter-tomcat/3.2.0/spring-boot-starter-tomcat-3.2.0.jar:/home/thomr/.m2/repository/org/apache/tomcat/embed/tomcat-embed-core/10.1.16/tomcat-embed-core-10.1.16.jar:/home/thomr/.m2/repository/org/apache/tomcat/embed/tomcat-embed-el/10.1.16/tomcat-embed-el-10.1.16.jar:/home/thomr/.m2/repository/org/apache/tomcat/embed/tomcat-embed-websocket/10.1.16/tomcat-embed-websocket-10.1.16.jar:/home/thomr/.m2/repository/org/springframework/spring-web/6.1.1/spring-web-6.1.1.jar:/home/thomr/.m2/repository/org/springframework/spring-beans/6.1.1/spring-beans-6.1.1.jar:/home/thomr/.m2/repository/org/springframework/spring-webmvc/6.1.1/spring-webmvc-6.1.1.jar:/home/thomr/.m2/repository/org/springframework/spring-aop/6.1.1/spring-aop-6.1.1.jar:/home/thomr/.m2/repository/org/springframework/spring-expression/6.1.1/spring-expression-6.1.1.jar:/home/thomr/.m2/repository/org/springframework/kafka/spring-kafka/3.1.0/spring-kafka-3.1.0.jar:/home/thomr/.m2/repository/org/springframework/spring-context/6.1.1/spring-context-6.1.1.jar:/home/thomr/.m2/repository/org/springframework/spring-messaging/6.1.1/spring-messaging-6.1.1.jar:/home/thomr/.m2/repository/org/springframework/spring-tx/6.1.1/spring-tx-6.1.1.jar:/home/thomr/.m2/repository/org/springframework/retry/spring-retry/2.0.4/spring-retry-2.0.4.jar:/home/thomr/.m2/repository/org/apache/kafka/kafka-clients/3.6.0/kafka-clients-3.6.0.jar:/home/thomr/.m2/repository/com/github/luben/zstd-jni/1.5.5-1/zstd-jni-1.5.5-1.jar:/home/thomr/.m2/repository/org/lz4/lz4-java/1.8.0/lz4-java-1.8.0.jar:/home/thomr/.m2/repository/org/xerial/snappy/snappy-java/1.1.10.4/snappy-java-1.1.10.4.jar:/home/thomr/.m2/repository/org/slf4j/slf4j-api/2.0.9/slf4j-api-2.0.9.jar:/home/thomr/.m2/repository/io/micrometer/micrometer-observation/1.12.0/micrometer-observation-1.12.0.jar:/home/thomr/.m2/repository/io/micrometer/micrometer-commons/1.12.0/micrometer-commons-1.12.0.jar:/home/thomr/.m2/repository/com/google/code/findbugs/jsr305/3.0.2/jsr305-3.0.2.jar:/home/thomr/.m2/repository/org/springframework/boot/spring-boot-starter-test/3.2.0/spring-boot-starter-test-3.2.0.jar:/home/thomr/.m2/repository/org/springframework/boot/spring-boot-test/3.2.0/spring-boot-test-3.2.0.jar:/home/thomr/.m2/repository/org/springframework/boot/spring-boot-test-autoconfigure/3.2.0/spring-boot-test-autoconfigure-3.2.0.jar:/home/thomr/.m2/repository/com/jayway/jsonpath/json-path/2.8.0/json-path-2.8.0.jar:/home/thomr/.m2/repository/jakarta/xml/bind/jakarta.xml.bind-api/4.0.1/jakarta.xml.bind-api-4.0.1.jar:/home/thomr/.m2/repository/jakarta/activation/jakarta.activation-api/2.1.2/jakarta.activation-api-2.1.2.jar:/home/thomr/.m2/repository/net/minidev/json-smart/2.5.0/json-smart-2.5.0.jar:/home/thomr/.m2/repository/net/minidev/accessors-smart/2.5.0/accessors-smart-2.5.0.jar:/home/thomr/.m2/repository/org/ow2/asm/asm/9.3/asm-9.3.jar:/home/thomr/.m2/repository/org/assertj/assertj-core/3.24.2/assertj-core-3.24.2.jar:/home/thomr/.m2/repository/net/bytebuddy/byte-buddy/1.14.10/byte-buddy-1.14.10.jar:/home/thomr/.m2/repository/org/awaitility/awaitility/4.2.0/awaitility-4.2.0.jar:/home/thomr/.m2/repository/org/hamcrest/hamcrest/2.2/hamcrest-2.2.jar:/home/thomr/.m2/repository/org/junit/jupiter/junit-jupiter/5.10.1/junit-jupiter-5.10.1.jar:/home/thomr/.m2/repository/org/junit/jupiter/junit-jupiter-params/5.10.1/junit-jupiter-params-5.10.1.jar:/home/thomr/.m2/repository/org/junit/jupiter/junit-jupiter-engine/5.10.1/junit-jupiter-engine-5.10.1.jar:/home/thomr/.m2/repository/org/mockito/mockito-core/5.7.0/mockito-core-5.7.0.jar:/home/thomr/.m2/repository/net/bytebuddy/byte-buddy-agent/1.14.10/byte-buddy-agent-1.14.10.jar:/home/thomr/.m2/repository/org/objenesis/objenesis/3.3/objenesis-3.3.jar:/home/thomr/.m2/repository/org/mockito/mockito-junit-jupiter/5.7.0/mockito-junit-jupiter-5.7.0.jar:/home/thomr/.m2/repository/org/skyscreamer/jsonassert/1.5.1/jsonassert-1.5.1.jar:/home/thomr/.m2/repository/com/vaadin/external/google/android-json/0.0.20131108.vaadin1/android-json-0.0.20131108.vaadin1.jar:/home/thomr/.m2/repository/org/springframework/spring-core/6.1.1/spring-core-6.1.1.jar:/home/thomr/.m2/repository/org/springframework/spring-jcl/6.1.1/spring-jcl-6.1.1.jar:/home/thomr/.m2/repository/org/springframework/spring-test/6.1.1/spring-test-6.1.1.jar:/home/thomr/.m2/repository/org/xmlunit/xmlunit-core/2.9.1/xmlunit-core-2.9.1.jar:/home/thomr/.m2/repository/org/springframework/kafka/spring-kafka-test/3.1.0/spring-kafka-test-3.1.0.jar:/home/thomr/.m2/repository/org/apache/zookeeper/zookeeper/3.8.3/zookeeper-3.8.3.jar:/home/thomr/.m2/repository/org/apache/zookeeper/zookeeper-jute/3.8.3/zookeeper-jute-3.8.3.jar:/home/thomr/.m2/repository/org/apache/yetus/audience-annotations/0.12.0/audience-annotations-0.12.0.jar:/home/thomr/.m2/repository/io/netty/netty-handler/4.1.101.Final/netty-handler-4.1.101.Final.jar:/home/thomr/.m2/repository/io/netty/netty-common/4.1.101.Final/netty-common-4.1.101.Final.jar:/home/thomr/.m2/repository/io/netty/netty-resolver/4.1.101.Final/netty-resolver-4.1.101.Final.jar:/home/thomr/.m2/repository/io/netty/netty-buffer/4.1.101.Final/netty-buffer-4.1.101.Final.jar:/home/thomr/.m2/repository/io/netty/netty-transport/4.1.101.Final/netty-transport-4.1.101.Final.jar:/home/thomr/.m2/repository/io/netty/netty-transport-native-unix-common/4.1.101.Final/netty-transport-native-unix-common-4.1.101.Final.jar:/home/thomr/.m2/repository/io/netty/netty-codec/4.1.101.Final/netty-codec-4.1.101.Final.jar:/home/thomr/.m2/repository/io/netty/netty-transport-native-epoll/4.1.101.Final/netty-transport-native-epoll-4.1.101.Final.jar:/home/thomr/.m2/repository/io/netty/netty-transport-classes-epoll/4.1.101.Final/netty-transport-classes-epoll-4.1.101.Final.jar:/home/thomr/.m2/repository/ch/qos/logback/logback-core/1.4.11/logback-core-1.4.11.jar:/home/thomr/.m2/repository/ch/qos/logback/logback-classic/1.4.11/logback-classic-1.4.11.jar:/home/thomr/.m2/repository/commons-io/commons-io/2.11.0/commons-io-2.11.0.jar:/home/thomr/.m2/repository/org/apache/kafka/kafka-clients/3.6.0/kafka-clients-3.6.0-test.jar:/home/thomr/.m2/repository/org/apache/kafka/kafka-metadata/3.6.0/kafka-metadata-3.6.0.jar:/home/thomr/.m2/repository/org/apache/kafka/kafka-raft/3.6.0/kafka-raft-3.6.0.jar:/home/thomr/.m2/repository/com/yammer/metrics/metrics-core/2.2.0/metrics-core-2.2.0.jar:/home/thomr/.m2/repository/org/apache/kafka/kafka-server-common/3.6.0/kafka-server-common-3.6.0.jar:/home/thomr/.m2/repository/net/sf/jopt-simple/jopt-simple/5.0.4/jopt-simple-5.0.4.jar:/home/thomr/.m2/repository/org/pcollections/pcollections/4.0.1/pcollections-4.0.1.jar:/home/thomr/.m2/repository/org/apache/kafka/kafka-server-common/3.6.0/kafka-server-common-3.6.0-test.jar:/home/thomr/.m2/repository/org/apache/kafka/kafka-streams-test-utils/3.6.0/kafka-streams-test-utils-3.6.0.jar:/home/thomr/.m2/repository/org/apache/kafka/kafka-streams/3.6.0/kafka-streams-3.6.0.jar:/home/thomr/.m2/repository/org/rocksdb/rocksdbjni/7.9.2/rocksdbjni-7.9.2.jar:/home/thomr/.m2/repository/org/apache/kafka/kafka_2.13/3.6.0/kafka_2.13-3.6.0.jar:/home/thomr/.m2/repository/org/scala-lang/scala-library/2.13.11/scala-library-2.13.11.jar:/home/thomr/.m2/repository/org/apache/kafka/kafka-group-coordinator/3.6.0/kafka-group-coordinator-3.6.0.jar:/home/thomr/.m2/repository/org/apache/kafka/kafka-storage-api/3.6.0/kafka-storage-api-3.6.0.jar:/home/thomr/.m2/repository/org/apache/kafka/kafka-tools-api/3.6.0/kafka-tools-api-3.6.0.jar:/home/thomr/.m2/repository/org/apache/kafka/kafka-storage/3.6.0/kafka-storage-3.6.0.jar:/home/thomr/.m2/repository/com/github/ben-manes/caffeine/caffeine/3.1.8/caffeine-3.1.8.jar:/home/thomr/.m2/repository/org/checkerframework/checker-qual/3.37.0/checker-qual-3.37.0.jar:/home/thomr/.m2/repository/com/google/errorprone/error_prone_annotations/2.21.1/error_prone_annotations-2.21.1.jar:/home/thomr/.m2/repository/net/sourceforge/argparse4j/argparse4j/0.7.0/argparse4j-0.7.0.jar:/home/thomr/.m2/repository/commons-validator/commons-validator/1.7/commons-validator-1.7.jar:/home/thomr/.m2/repository/commons-beanutils/commons-beanutils/1.9.4/commons-beanutils-1.9.4.jar:/home/thomr/.m2/repository/commons-digester/commons-digester/2.1/commons-digester-2.1.jar:/home/thomr/.m2/repository/commons-collections/commons-collections/3.2.2/commons-collections-3.2.2.jar:/home/thomr/.m2/repository/com/fasterxml/jackson/module/jackson-module-scala_2.13/2.15.3/jackson-module-scala_2.13-2.15.3.jar:/home/thomr/.m2/repository/com/thoughtworks/paranamer/paranamer/2.8/paranamer-2.8.jar:/home/thomr/.m2/repository/com/fasterxml/jackson/dataformat/jackson-dataformat-csv/2.15.3/jackson-dataformat-csv-2.15.3.jar:/home/thomr/.m2/repository/org/bitbucket/b_c/jose4j/0.9.3/jose4j-0.9.3.jar:/home/thomr/.m2/repository/org/scala-lang/modules/scala-collection-compat_2.13/2.10.0/scala-collection-compat_2.13-2.10.0.jar:/home/thomr/.m2/repository/org/scala-lang/modules/scala-java8-compat_2.13/1.0.2/scala-java8-compat_2.13-1.0.2.jar:/home/thomr/.m2/repository/org/scala-lang/scala-reflect/2.13.11/scala-reflect-2.13.11.jar:/home/thomr/.m2/repository/com/typesafe/scala-logging/scala-logging_2.13/3.9.4/scala-logging_2.13-3.9.4.jar:/home/thomr/.m2/repository/io/dropwizard/metrics/metrics-core/4.2.22/metrics-core-4.2.22.jar:/home/thomr/.m2/repository/commons-cli/commons-cli/1.4/commons-cli-1.4.jar:/home/thomr/.m2/repository/org/apache/kafka/kafka_2.13/3.6.0/kafka_2.13-3.6.0-test.jar:/home/thomr/.m2/repository/org/junit/jupiter/junit-jupiter-api/5.10.1/junit-jupiter-api-5.10.1.jar:/home/thomr/.m2/repository/org/opentest4j/opentest4j/1.3.0/opentest4j-1.3.0.jar:/home/thomr/.m2/repository/org/junit/platform/junit-platform-commons/1.10.1/junit-platform-commons-1.10.1.jar:/home/thomr/.m2/repository/org/apiguardian/apiguardian-api/1.1.2/apiguardian-api-1.1.2.jar:/home/thomr/.m2/repository/org/junit/platform/junit-platform-launcher/1.10.1/junit-platform-launcher-1.10.1.jar:/home/thomr/.m2/repository/org/junit/platform/junit-platform-engine/1.10.1/junit-platform-engine-1.10.1.jar:/home/thomr/.m2/repository/org/projectlombok/lombok/1.18.30/lombok-1.18.30.jar:/home/thomr/.m2/repository/org/jetbrains/annotations/24.1.0/annotations-24.1.0.jar:"/>
    <property name="sun.cpu.endian" value="little"/>
    <property name="user.home" value="/home/thomr"/>
    <property name="user.language" value="it"/>
    <property name="java.specification.vendor" value="Oracle Corporation"/>
    <property name="java.version.date" value="2023-10-17"/>
    <property name="java.home" value="/usr/lib/jvm/java-17-openjdk-amd64"/>
    <property name="file.separator" value="/"/>
    <property name="basedir" value="/media/thomr/Volume/code lavoro/kafka/spring-kafka"/>
    <property name="java.vm.compressedOopsMode" value="Zero based"/>
    <property name="line.separator" value="&#10;"/>
    <property name="java.specification.name" value="Java Platform API Specification"/>
    <property name="java.vm.specification.vendor" value="Oracle Corporation"/>
    <property name="FILE_LOG_CHARSET" value="UTF-8"/>
    <property name="java.awt.headless" value="true"/>
    <property name="surefire.real.class.path" value="/media/thomr/Volume/code lavoro/kafka/spring-kafka/target/surefire/surefirebooter-20231205154103148_3.jar"/>
    <property name="sun.management.compiler" value="HotSpot 64-Bit Tiered Compilers"/>
    <property name="java.runtime.version" value="17.0.9+9-Ubuntu-122.04"/>
    <property name="user.name" value="thomr"/>
    <property name="path.separator" value=":"/>
    <property name="os.version" value="6.5.6-76060506-generic"/>
    <property name="java.runtime.name" value="OpenJDK Runtime Environment"/>
    <property name="file.encoding" value="UTF-8"/>
    <property name="java.vm.name" value="OpenJDK 64-Bit Server VM"/>
    <property name="localRepository" value="/home/thomr/.m2/repository"/>
    <property name="java.vendor.url.bug" value="Unknown"/>
    <property name="java.io.tmpdir" value="/tmp"/>
    <property name="java.version" value="17.0.9"/>
    <property name="user.dir" value="/media/thomr/Volume/code lavoro/kafka/spring-kafka"/>
    <property name="os.arch" value="amd64"/>
    <property name="java.vm.specification.name" value="Java Virtual Machine Specification"/>
    <property name="PID" value="14898"/>
    <property name="CONSOLE_LOG_CHARSET" value="UTF-8"/>
    <property name="native.encoding" value="UTF-8"/>
    <property name="java.library.path" value="/usr/java/packages/lib:/usr/lib/x86_64-linux-gnu/jni:/lib/x86_64-linux-gnu:/usr/lib/x86_64-linux-gnu:/usr/lib/jni:/lib:/usr/lib"/>
    <property name="java.vm.info" value="mixed mode, sharing"/>
    <property name="java.vendor" value="Private Build"/>
    <property name="java.vm.version" value="17.0.9+9-Ubuntu-122.04"/>
    <property name="sun.io.unicode.encoding" value="UnicodeLittle"/>
    <property name="java.class.version" value="61.0"/>
  </properties>
  <testcase name="contextLoads" classname="com.example.springkafka.SpringKafkaApplicationTests" time="0.535">
    <system-out><![CDATA[15:41:03.645 [main] INFO org.springframework.test.context.support.AnnotationConfigContextLoaderUtils -- Could not detect default configuration classes for test class [com.example.springkafka.SpringKafkaApplicationTests]: SpringKafkaApplicationTests does not declare any static, non-private, non-final, nested classes annotated with @Configuration.
15:41:03.721 [main] INFO org.springframework.boot.test.context.SpringBootTestContextBootstrapper -- Found @SpringBootConfiguration com.example.springkafka.SpringKafkaApplication for test class com.example.springkafka.SpringKafkaApplicationTests

  .   ____          _            __ _ _
 /\\ / ___'_ __ _ _(_)_ __  __ _ \ \ \ \
( ( )\___ | '_ | '_| | '_ \/ _` | \ \ \ \
 \\/  ___)| |_)| | | | | || (_| |  ) ) ) )
  '  |____| .__|_| |_|_| |_\__, | / / / /
 =========|_|==============|___/=/_/_/_/
 :: Spring Boot ::                (v3.2.0)

2023-12-05T15:41:03.994+01:00  INFO 14898 --- [           main] c.e.s.SpringKafkaApplicationTests        : Starting SpringKafkaApplicationTests using Java 17.0.9 with PID 14898 (started by thomr in /media/thomr/Volume/code lavoro/kafka/spring-kafka)
2023-12-05T15:41:03.995+01:00  INFO 14898 --- [           main] c.e.s.SpringKafkaApplicationTests        : No active profile set, falling back to 1 default profile: "default"
2023-12-05T15:41:04.982+01:00  INFO 14898 --- [           main] o.a.k.clients.admin.AdminClientConfig    : AdminClientConfig values: 
	auto.include.jmx.reporter = true
	bootstrap.servers = [localhost:9092]
	client.dns.lookup = use_all_dns_ips
	client.id = 
	connections.max.idle.ms = 300000
	default.api.timeout.ms = 60000
	metadata.max.age.ms = 300000
	metric.reporters = []
	metrics.num.samples = 2
	metrics.recording.level = INFO
	metrics.sample.window.ms = 30000
	receive.buffer.bytes = 65536
	reconnect.backoff.max.ms = 1000
	reconnect.backoff.ms = 50
	request.timeout.ms = 30000
	retries = 2147483647
	retry.backoff.ms = 100
	sasl.client.callback.handler.class = null
	sasl.jaas.config = null
	sasl.kerberos.kinit.cmd = /usr/bin/kinit
	sasl.kerberos.min.time.before.relogin = 60000
	sasl.kerberos.service.name = null
	sasl.kerberos.ticket.renew.jitter = 0.05
	sasl.kerberos.ticket.renew.window.factor = 0.8
	sasl.login.callback.handler.class = null
	sasl.login.class = null
	sasl.login.connect.timeout.ms = null
	sasl.login.read.timeout.ms = null
	sasl.login.refresh.buffer.seconds = 300
	sasl.login.refresh.min.period.seconds = 60
	sasl.login.refresh.window.factor = 0.8
	sasl.login.refresh.window.jitter = 0.05
	sasl.login.retry.backoff.max.ms = 10000
	sasl.login.retry.backoff.ms = 100
	sasl.mechanism = GSSAPI
	sasl.oauthbearer.clock.skew.seconds = 30
	sasl.oauthbearer.expected.audience = null
	sasl.oauthbearer.expected.issuer = null
	sasl.oauthbearer.jwks.endpoint.refresh.ms = 3600000
	sasl.oauthbearer.jwks.endpoint.retry.backoff.max.ms = 10000
	sasl.oauthbearer.jwks.endpoint.retry.backoff.ms = 100
	sasl.oauthbearer.jwks.endpoint.url = null
	sasl.oauthbearer.scope.claim.name = scope
	sasl.oauthbearer.sub.claim.name = sub
	sasl.oauthbearer.token.endpoint.url = null
	security.protocol = PLAINTEXT
	security.providers = null
	send.buffer.bytes = 131072
	socket.connection.setup.timeout.max.ms = 30000
	socket.connection.setup.timeout.ms = 10000
	ssl.cipher.suites = null
	ssl.enabled.protocols = [TLSv1.2, TLSv1.3]
	ssl.endpoint.identification.algorithm = https
	ssl.engine.factory.class = null
	ssl.key.password = null
	ssl.keymanager.algorithm = SunX509
	ssl.keystore.certificate.chain = null
	ssl.keystore.key = null
	ssl.keystore.location = null
	ssl.keystore.password = null
	ssl.keystore.type = JKS
	ssl.protocol = TLSv1.3
	ssl.provider = null
	ssl.secure.random.implementation = null
	ssl.trustmanager.algorithm = PKIX
	ssl.truststore.certificates = null
	ssl.truststore.location = null
	ssl.truststore.password = null
	ssl.truststore.type = JKS

2023-12-05T15:41:05.080+01:00  INFO 14898 --- [           main] o.a.kafka.common.utils.AppInfoParser     : Kafka version: 3.6.0
2023-12-05T15:41:05.081+01:00  INFO 14898 --- [           main] o.a.kafka.common.utils.AppInfoParser     : Kafka commitId: 60e845626d8a465a
2023-12-05T15:41:05.081+01:00  INFO 14898 --- [           main] o.a.kafka.common.utils.AppInfoParser     : Kafka startTimeMs: 1701787265079
2023-12-05T15:41:05.276+01:00  INFO 14898 --- [| adminclient-1] o.a.kafka.common.utils.AppInfoParser     : App info kafka.admin.client for adminclient-1 unregistered
2023-12-05T15:41:05.279+01:00  INFO 14898 --- [| adminclient-1] o.apache.kafka.common.metrics.Metrics    : Metrics scheduler closed
2023-12-05T15:41:05.280+01:00  INFO 14898 --- [| adminclient-1] o.apache.kafka.common.metrics.Metrics    : Closing reporter org.apache.kafka.common.metrics.JmxReporter
2023-12-05T15:41:05.280+01:00  INFO 14898 --- [| adminclient-1] o.apache.kafka.common.metrics.Metrics    : Metrics reporters closed
2023-12-05T15:41:05.300+01:00  INFO 14898 --- [           main] o.a.k.clients.consumer.ConsumerConfig    : ConsumerConfig values: 
	allow.auto.create.topics = true
	auto.commit.interval.ms = 5000
	auto.include.jmx.reporter = true
	auto.offset.reset = earliest
	bootstrap.servers = [localhost:9092]
	check.crcs = true
	client.dns.lookup = use_all_dns_ips
	client.id = consumer-groupSus-1
	client.rack = 
	connections.max.idle.ms = 540000
	default.api.timeout.ms = 60000
	enable.auto.commit = false
	exclude.internal.topics = true
	fetch.max.bytes = 52428800
	fetch.max.wait.ms = 500
	fetch.min.bytes = 1
	group.id = groupSus
	group.instance.id = null
	heartbeat.interval.ms = 3000
	interceptor.classes = []
	internal.leave.group.on.close = true
	internal.throw.on.fetch.stable.offset.unsupported = false
	isolation.level = read_uncommitted
	key.deserializer = class org.apache.kafka.common.serialization.StringDeserializer
	max.partition.fetch.bytes = 1048576
	max.poll.interval.ms = 300000
	max.poll.records = 500
	metadata.max.age.ms = 300000
	metric.reporters = []
	metrics.num.samples = 2
	metrics.recording.level = INFO
	metrics.sample.window.ms = 30000
	partition.assignment.strategy = [class org.apache.kafka.clients.consumer.RangeAssignor, class org.apache.kafka.clients.consumer.CooperativeStickyAssignor]
	receive.buffer.bytes = 65536
	reconnect.backoff.max.ms = 1000
	reconnect.backoff.ms = 50
	request.timeout.ms = 30000
	retry.backoff.ms = 100
	sasl.client.callback.handler.class = null
	sasl.jaas.config = null
	sasl.kerberos.kinit.cmd = /usr/bin/kinit
	sasl.kerberos.min.time.before.relogin = 60000
	sasl.kerberos.service.name = null
	sasl.kerberos.ticket.renew.jitter = 0.05
	sasl.kerberos.ticket.renew.window.factor = 0.8
	sasl.login.callback.handler.class = null
	sasl.login.class = null
	sasl.login.connect.timeout.ms = null
	sasl.login.read.timeout.ms = null
	sasl.login.refresh.buffer.seconds = 300
	sasl.login.refresh.min.period.seconds = 60
	sasl.login.refresh.window.factor = 0.8
	sasl.login.refresh.window.jitter = 0.05
	sasl.login.retry.backoff.max.ms = 10000
	sasl.login.retry.backoff.ms = 100
	sasl.mechanism = GSSAPI
	sasl.oauthbearer.clock.skew.seconds = 30
	sasl.oauthbearer.expected.audience = null
	sasl.oauthbearer.expected.issuer = null
	sasl.oauthbearer.jwks.endpoint.refresh.ms = 3600000
	sasl.oauthbearer.jwks.endpoint.retry.backoff.max.ms = 10000
	sasl.oauthbearer.jwks.endpoint.retry.backoff.ms = 100
	sasl.oauthbearer.jwks.endpoint.url = null
	sasl.oauthbearer.scope.claim.name = scope
	sasl.oauthbearer.sub.claim.name = sub
	sasl.oauthbearer.token.endpoint.url = null
	security.protocol = PLAINTEXT
	security.providers = null
	send.buffer.bytes = 131072
	session.timeout.ms = 45000
	socket.connection.setup.timeout.max.ms = 30000
	socket.connection.setup.timeout.ms = 10000
	ssl.cipher.suites = null
	ssl.enabled.protocols = [TLSv1.2, TLSv1.3]
	ssl.endpoint.identification.algorithm = https
	ssl.engine.factory.class = null
	ssl.key.password = null
	ssl.keymanager.algorithm = SunX509
	ssl.keystore.certificate.chain = null
	ssl.keystore.key = null
	ssl.keystore.location = null
	ssl.keystore.password = null
	ssl.keystore.type = JKS
	ssl.protocol = TLSv1.3
	ssl.provider = null
	ssl.secure.random.implementation = null
	ssl.trustmanager.algorithm = PKIX
	ssl.truststore.certificates = null
	ssl.truststore.location = null
	ssl.truststore.password = null
	ssl.truststore.type = JKS
	value.deserializer = class org.springframework.kafka.support.serializer.JsonDeserializer

2023-12-05T15:41:05.373+01:00  INFO 14898 --- [           main] o.a.k.clients.consumer.ConsumerConfig    : These configurations '[replication.factor]' were supplied but are not used yet.
2023-12-05T15:41:05.373+01:00  INFO 14898 --- [           main] o.a.kafka.common.utils.AppInfoParser     : Kafka version: 3.6.0
2023-12-05T15:41:05.373+01:00  INFO 14898 --- [           main] o.a.kafka.common.utils.AppInfoParser     : Kafka commitId: 60e845626d8a465a
2023-12-05T15:41:05.373+01:00  INFO 14898 --- [           main] o.a.kafka.common.utils.AppInfoParser     : Kafka startTimeMs: 1701787265373
2023-12-05T15:41:05.374+01:00  INFO 14898 --- [           main] fkaConsumerFactory$ExtendedKafkaConsumer : [Consumer clientId=consumer-groupSus-1, groupId=groupSus] Subscribed to topic(s): json_sus
2023-12-05T15:41:05.379+01:00  INFO 14898 --- [           main] o.a.k.clients.consumer.ConsumerConfig    : ConsumerConfig values: 
	allow.auto.create.topics = true
	auto.commit.interval.ms = 5000
	auto.include.jmx.reporter = true
	auto.offset.reset = earliest
	bootstrap.servers = [localhost:9092]
	check.crcs = true
	client.dns.lookup = use_all_dns_ips
	client.id = consumer-groupSus-2
	client.rack = 
	connections.max.idle.ms = 540000
	default.api.timeout.ms = 60000
	enable.auto.commit = false
	exclude.internal.topics = true
	fetch.max.bytes = 52428800
	fetch.max.wait.ms = 500
	fetch.min.bytes = 1
	group.id = groupSus
	group.instance.id = null
	heartbeat.interval.ms = 3000
	interceptor.classes = []
	internal.leave.group.on.close = true
	internal.throw.on.fetch.stable.offset.unsupported = false
	isolation.level = read_uncommitted
	key.deserializer = class org.apache.kafka.common.serialization.StringDeserializer
	max.partition.fetch.bytes = 1048576
	max.poll.interval.ms = 300000
	max.poll.records = 500
	metadata.max.age.ms = 300000
	metric.reporters = []
	metrics.num.samples = 2
	metrics.recording.level = INFO
	metrics.sample.window.ms = 30000
	partition.assignment.strategy = [class org.apache.kafka.clients.consumer.RangeAssignor, class org.apache.kafka.clients.consumer.CooperativeStickyAssignor]
	receive.buffer.bytes = 65536
	reconnect.backoff.max.ms = 1000
	reconnect.backoff.ms = 50
	request.timeout.ms = 30000
	retry.backoff.ms = 100
	sasl.client.callback.handler.class = null
	sasl.jaas.config = null
	sasl.kerberos.kinit.cmd = /usr/bin/kinit
	sasl.kerberos.min.time.before.relogin = 60000
	sasl.kerberos.service.name = null
	sasl.kerberos.ticket.renew.jitter = 0.05
	sasl.kerberos.ticket.renew.window.factor = 0.8
	sasl.login.callback.handler.class = null
	sasl.login.class = null
	sasl.login.connect.timeout.ms = null
	sasl.login.read.timeout.ms = null
	sasl.login.refresh.buffer.seconds = 300
	sasl.login.refresh.min.period.seconds = 60
	sasl.login.refresh.window.factor = 0.8
	sasl.login.refresh.window.jitter = 0.05
	sasl.login.retry.backoff.max.ms = 10000
	sasl.login.retry.backoff.ms = 100
	sasl.mechanism = GSSAPI
	sasl.oauthbearer.clock.skew.seconds = 30
	sasl.oauthbearer.expected.audience = null
	sasl.oauthbearer.expected.issuer = null
	sasl.oauthbearer.jwks.endpoint.refresh.ms = 3600000
	sasl.oauthbearer.jwks.endpoint.retry.backoff.max.ms = 10000
	sasl.oauthbearer.jwks.endpoint.retry.backoff.ms = 100
	sasl.oauthbearer.jwks.endpoint.url = null
	sasl.oauthbearer.scope.claim.name = scope
	sasl.oauthbearer.sub.claim.name = sub
	sasl.oauthbearer.token.endpoint.url = null
	security.protocol = PLAINTEXT
	security.providers = null
	send.buffer.bytes = 131072
	session.timeout.ms = 45000
	socket.connection.setup.timeout.max.ms = 30000
	socket.connection.setup.timeout.ms = 10000
	ssl.cipher.suites = null
	ssl.enabled.protocols = [TLSv1.2, TLSv1.3]
	ssl.endpoint.identification.algorithm = https
	ssl.engine.factory.class = null
	ssl.key.password = null
	ssl.keymanager.algorithm = SunX509
	ssl.keystore.certificate.chain = null
	ssl.keystore.key = null
	ssl.keystore.location = null
	ssl.keystore.password = null
	ssl.keystore.type = JKS
	ssl.protocol = TLSv1.3
	ssl.provider = null
	ssl.secure.random.implementation = null
	ssl.trustmanager.algorithm = PKIX
	ssl.truststore.certificates = null
	ssl.truststore.location = null
	ssl.truststore.password = null
	ssl.truststore.type = JKS
	value.deserializer = class org.springframework.kafka.support.serializer.JsonDeserializer

2023-12-05T15:41:05.386+01:00  INFO 14898 --- [           main] o.a.k.clients.consumer.ConsumerConfig    : These configurations '[replication.factor]' were supplied but are not used yet.
2023-12-05T15:41:05.386+01:00  INFO 14898 --- [           main] o.a.kafka.common.utils.AppInfoParser     : Kafka version: 3.6.0
2023-12-05T15:41:05.386+01:00  INFO 14898 --- [           main] o.a.kafka.common.utils.AppInfoParser     : Kafka commitId: 60e845626d8a465a
2023-12-05T15:41:05.386+01:00  INFO 14898 --- [           main] o.a.kafka.common.utils.AppInfoParser     : Kafka startTimeMs: 1701787265386
2023-12-05T15:41:05.387+01:00  INFO 14898 --- [           main] fkaConsumerFactory$ExtendedKafkaConsumer : [Consumer clientId=consumer-groupSus-2, groupId=groupSus] Subscribed to topic(s): sus
2023-12-05T15:41:05.388+01:00  INFO 14898 --- [ntainer#0-0-C-1] org.apache.kafka.clients.Metadata        : [Consumer clientId=consumer-groupSus-1, groupId=groupSus] Cluster ID: 0nrc7keJSd64aS1IlowpiA
2023-12-05T15:41:05.389+01:00  INFO 14898 --- [ntainer#0-0-C-1] o.a.k.c.c.internals.ConsumerCoordinator  : [Consumer clientId=consumer-groupSus-1, groupId=groupSus] Discovered group coordinator localhost:9092 (id: 2147483647 rack: null)
2023-12-05T15:41:05.390+01:00  INFO 14898 --- [ntainer#1-0-C-1] org.apache.kafka.clients.Metadata        : [Consumer clientId=consumer-groupSus-2, groupId=groupSus] Cluster ID: 0nrc7keJSd64aS1IlowpiA
2023-12-05T15:41:05.390+01:00  INFO 14898 --- [ntainer#1-0-C-1] o.a.k.c.c.internals.ConsumerCoordinator  : [Consumer clientId=consumer-groupSus-2, groupId=groupSus] Discovered group coordinator localhost:9092 (id: 2147483647 rack: null)
2023-12-05T15:41:05.390+01:00  INFO 14898 --- [ntainer#0-0-C-1] o.a.k.c.c.internals.ConsumerCoordinator  : [Consumer clientId=consumer-groupSus-1, groupId=groupSus] (Re-)joining group
2023-12-05T15:41:05.391+01:00  INFO 14898 --- [ntainer#1-0-C-1] o.a.k.c.c.internals.ConsumerCoordinator  : [Consumer clientId=consumer-groupSus-2, groupId=groupSus] (Re-)joining group
2023-12-05T15:41:05.392+01:00  INFO 14898 --- [           main] c.e.s.SpringKafkaApplicationTests        : Started SpringKafkaApplicationTests in 1.562 seconds (process running for 2.214)
2023-12-05T15:41:05.399+01:00  INFO 14898 --- [ntainer#0-0-C-1] o.a.k.c.c.internals.ConsumerCoordinator  : [Consumer clientId=consumer-groupSus-1, groupId=groupSus] Request joining group due to: need to re-join with the given member-id: consumer-groupSus-1-cf23410b-cc8f-4799-b5ce-4227dbdb32dc
2023-12-05T15:41:05.399+01:00  INFO 14898 --- [ntainer#1-0-C-1] o.a.k.c.c.internals.ConsumerCoordinator  : [Consumer clientId=consumer-groupSus-2, groupId=groupSus] Request joining group due to: need to re-join with the given member-id: consumer-groupSus-2-9952a7c8-638a-486f-bb64-9e91ba1abd30
2023-12-05T15:41:05.400+01:00  INFO 14898 --- [ntainer#0-0-C-1] o.a.k.c.c.internals.ConsumerCoordinator  : [Consumer clientId=consumer-groupSus-1, groupId=groupSus] Request joining group due to: rebalance failed due to 'The group member needs to have a valid member id before actually entering a consumer group.' (MemberIdRequiredException)
2023-12-05T15:41:05.400+01:00  INFO 14898 --- [ntainer#1-0-C-1] o.a.k.c.c.internals.ConsumerCoordinator  : [Consumer clientId=consumer-groupSus-2, groupId=groupSus] Request joining group due to: rebalance failed due to 'The group member needs to have a valid member id before actually entering a consumer group.' (MemberIdRequiredException)
2023-12-05T15:41:05.400+01:00  INFO 14898 --- [ntainer#0-0-C-1] o.a.k.c.c.internals.ConsumerCoordinator  : [Consumer clientId=consumer-groupSus-1, groupId=groupSus] (Re-)joining group
2023-12-05T15:41:05.400+01:00  INFO 14898 --- [ntainer#1-0-C-1] o.a.k.c.c.internals.ConsumerCoordinator  : [Consumer clientId=consumer-groupSus-2, groupId=groupSus] (Re-)joining group
2023-12-05T15:41:05.472+01:00  INFO 14898 --- [ntainer#1-0-C-1] o.a.k.c.c.internals.ConsumerCoordinator  : [Consumer clientId=consumer-groupSus-2, groupId=groupSus] Successfully joined group with generation Generation{generationId=18, memberId='consumer-groupSus-2-9952a7c8-638a-486f-bb64-9e91ba1abd30', protocol='range'}
2023-12-05T15:41:05.472+01:00  INFO 14898 --- [ntainer#0-0-C-1] o.a.k.c.c.internals.ConsumerCoordinator  : [Consumer clientId=consumer-groupSus-1, groupId=groupSus] Successfully joined group with generation Generation{generationId=18, memberId='consumer-groupSus-1-cf23410b-cc8f-4799-b5ce-4227dbdb32dc', protocol='range'}
2023-12-05T15:41:05.564+01:00  INFO 14898 --- [ntainer#0-0-C-1] o.a.k.c.c.internals.ConsumerCoordinator  : [Consumer clientId=consumer-groupSus-1, groupId=groupSus] Successfully synced group in generation Generation{generationId=18, memberId='consumer-groupSus-1-cf23410b-cc8f-4799-b5ce-4227dbdb32dc', protocol='range'}
2023-12-05T15:41:05.564+01:00  INFO 14898 --- [ntainer#1-0-C-1] o.a.k.c.c.internals.ConsumerCoordinator  : [Consumer clientId=consumer-groupSus-2, groupId=groupSus] Successfully synced group in generation Generation{generationId=18, memberId='consumer-groupSus-2-9952a7c8-638a-486f-bb64-9e91ba1abd30', protocol='range'}
2023-12-05T15:41:05.568+01:00  INFO 14898 --- [ntainer#0-0-C-1] o.a.k.c.c.internals.ConsumerCoordinator  : [Consumer clientId=consumer-groupSus-1, groupId=groupSus] Notifying assignor about the new Assignment(partitions=[])
2023-12-05T15:41:05.568+01:00  INFO 14898 --- [ntainer#1-0-C-1] o.a.k.c.c.internals.ConsumerCoordinator  : [Consumer clientId=consumer-groupSus-2, groupId=groupSus] Notifying assignor about the new Assignment(partitions=[sus-0])
2023-12-05T15:41:05.568+01:00  INFO 14898 --- [ntainer#0-0-C-1] o.a.k.c.c.internals.ConsumerCoordinator  : [Consumer clientId=consumer-groupSus-1, groupId=groupSus] Adding newly assigned partitions: 
2023-12-05T15:41:05.569+01:00  INFO 14898 --- [ntainer#0-0-C-1] o.s.k.l.KafkaMessageListenerContainer    : groupSus: partitions assigned: []
2023-12-05T15:41:05.569+01:00  INFO 14898 --- [ntainer#1-0-C-1] o.a.k.c.c.internals.ConsumerCoordinator  : [Consumer clientId=consumer-groupSus-2, groupId=groupSus] Adding newly assigned partitions: sus-0
2023-12-05T15:41:05.573+01:00  INFO 14898 --- [ntainer#1-0-C-1] o.a.k.c.c.internals.ConsumerCoordinator  : [Consumer clientId=consumer-groupSus-2, groupId=groupSus] Found no committed offset for partition sus-0
2023-12-05T15:41:05.597+01:00  INFO 14898 --- [ntainer#1-0-C-1] o.a.k.c.c.internals.SubscriptionState    : [Consumer clientId=consumer-groupSus-2, groupId=groupSus] Resetting offset for partition sus-0 to position FetchPosition{offset=0, offsetEpoch=Optional.empty, currentLeader=LeaderAndEpoch{leader=Optional[localhost:9092 (id: 0 rack: null)], epoch=0}}.
2023-12-05T15:41:05.597+01:00  INFO 14898 --- [ntainer#1-0-C-1] o.s.k.l.KafkaMessageListenerContainer    : groupSus: partitions assigned: [sus-0]
]]></system-out>
  </testcase>
</testsuite>